2013-04-07 19:48:55 Error: [MissingControllerException] Controller class PagesController could not be found.
Exception Attributes: array (
  'class' => 'PagesController',
  'plugin' => NULL,
)
Request URL: /
Stack Trace:
#0 /home/cj-smart/public/app/webroot/index.php(109): Dispatcher->dispatch(Object(CakeRequest), Object(CakeResponse))
#1 {main}
2013-04-07 19:50:14 Error: [MissingActionException] Action PagesController::index() could not be found.
Exception Attributes: array (
  'controller' => 'PagesController',
  'action' => 'index',
)
Request URL: /
Stack Trace:
#0 /home/cj-smart/public/lib/Cake/Routing/Dispatcher.php(187): Controller->invokeAction(Object(CakeRequest))
#1 /home/cj-smart/public/lib/Cake/Routing/Dispatcher.php(162): Dispatcher->_invoke(Object(HomeController), Object(CakeRequest), Object(CakeResponse))
#2 /home/cj-smart/public/app/webroot/index.php(109): Dispatcher->dispatch(Object(CakeRequest), Object(CakeResponse))
#3 {main}
2013-04-07 19:50:37 Error: [MissingViewException] View file "/home/cj-smart/public/app/View/Pages/index.ctp" is missing.
Exception Attributes: array (
  'file' => '/home/cj-smart/public/app/View/Pages/index.ctp',
)
Request URL: /
Stack Trace:
#0 /home/cj-smart/public/lib/Cake/View/View.php(468): View->_getViewFileName(NULL)
#1 /home/cj-smart/public/lib/Cake/Controller/Controller.php(948): View->render(NULL, NULL)
#2 /home/cj-smart/public/lib/Cake/Routing/Dispatcher.php(194): Controller->render()
#3 /home/cj-smart/public/lib/Cake/Routing/Dispatcher.php(162): Dispatcher->_invoke(Object(HomeController), Object(CakeRequest), Object(CakeResponse))
#4 /home/cj-smart/public/app/webroot/index.php(109): Dispatcher->dispatch(Object(CakeRequest), Object(CakeResponse))
#5 {main}
2013-04-07 19:58:33 Error: [MissingViewException] View file "/home/cj-smart/public/app/View/Pages/index.ctp" is missing.
Exception Attributes: array (
  'file' => '/home/cj-smart/public/app/View/Pages/index.ctp',
)
Request URL: /
Stack Trace:
#0 /home/cj-smart/public/lib/Cake/View/View.php(468): View->_getViewFileName('index')
#1 /home/cj-smart/public/lib/Cake/Controller/Controller.php(948): View->render('index', NULL)
#2 /home/cj-smart/public/app/Controller/HomeController.php(73): Controller->render('index')
#3 [internal function]: HomeController->index('index')
#4 /home/cj-smart/public/lib/Cake/Controller/Controller.php(486): ReflectionMethod->invokeArgs(Object(HomeController), Array)
#5 /home/cj-smart/public/lib/Cake/Routing/Dispatcher.php(187): Controller->invokeAction(Object(CakeRequest))
#6 /home/cj-smart/public/lib/Cake/Routing/Dispatcher.php(162): Dispatcher->_invoke(Object(HomeController), Object(CakeRequest), Object(CakeResponse))
#7 /home/cj-smart/public/app/webroot/index.php(109): Dispatcher->dispatch(Object(CakeRequest), Object(CakeResponse))
#8 {main}
2013-04-07 20:03:23 Error: [MissingViewException] View file "/home/cj-smart/public/app/View/Pages/index.ctp" is missing.
Exception Attributes: array (
  'file' => '/home/cj-smart/public/app/View/Pages/index.ctp',
)
Request URL: /
Stack Trace:
#0 /home/cj-smart/public/lib/Cake/View/View.php(468): View->_getViewFileName('index')
#1 /home/cj-smart/public/lib/Cake/Controller/Controller.php(948): View->render('index', NULL)
#2 /home/cj-smart/public/app/Controller/HomeController.php(73): Controller->render('index')
#3 [internal function]: HomeController->index('index')
#4 /home/cj-smart/public/lib/Cake/Controller/Controller.php(486): ReflectionMethod->invokeArgs(Object(HomeController), Array)
#5 /home/cj-smart/public/lib/Cake/Routing/Dispatcher.php(187): Controller->invokeAction(Object(CakeRequest))
#6 /home/cj-smart/public/lib/Cake/Routing/Dispatcher.php(162): Dispatcher->_invoke(Object(HomeController), Object(CakeRequest), Object(CakeResponse))
#7 /home/cj-smart/public/app/webroot/index.php(109): Dispatcher->dispatch(Object(CakeRequest), Object(CakeResponse))
#8 {main}
2013-04-07 20:04:30 Error: [MissingViewException] View file "/home/cj-smart/public/app/View/Pages/index.ctp" is missing.
Exception Attributes: array (
  'file' => '/home/cj-smart/public/app/View/Pages/index.ctp',
)
Request URL: /
Stack Trace:
#0 /home/cj-smart/public/lib/Cake/View/View.php(468): View->_getViewFileName('index')
#1 /home/cj-smart/public/lib/Cake/Controller/Controller.php(948): View->render('index', NULL)
#2 /home/cj-smart/public/app/Controller/HomeController.php(73): Controller->render('index')
#3 [internal function]: HomeController->index('index')
#4 /home/cj-smart/public/lib/Cake/Controller/Controller.php(486): ReflectionMethod->invokeArgs(Object(HomeController), Array)
#5 /home/cj-smart/public/lib/Cake/Routing/Dispatcher.php(187): Controller->invokeAction(Object(CakeRequest))
#6 /home/cj-smart/public/lib/Cake/Routing/Dispatcher.php(162): Dispatcher->_invoke(Object(HomeController), Object(CakeRequest), Object(CakeResponse))
#7 /home/cj-smart/public/app/webroot/index.php(109): Dispatcher->dispatch(Object(CakeRequest), Object(CakeResponse))
#8 {main}
2013-04-07 20:06:31 Error: [MissingViewException] View file "/home/cj-smart/public/app/View/Pages/index.ctp" is missing.
Exception Attributes: array (
  'file' => '/home/cj-smart/public/app/View/Pages/index.ctp',
)
Request URL: /
Stack Trace:
#0 /home/cj-smart/public/lib/Cake/View/View.php(468): View->_getViewFileName('index')
#1 /home/cj-smart/public/lib/Cake/Controller/Controller.php(948): View->render('index', NULL)
#2 /home/cj-smart/public/app/Controller/HomeController.php(73): Controller->render('index')
#3 [internal function]: HomeController->index('index')
#4 /home/cj-smart/public/lib/Cake/Controller/Controller.php(486): ReflectionMethod->invokeArgs(Object(HomeController), Array)
#5 /home/cj-smart/public/lib/Cake/Routing/Dispatcher.php(187): Controller->invokeAction(Object(CakeRequest))
#6 /home/cj-smart/public/lib/Cake/Routing/Dispatcher.php(162): Dispatcher->_invoke(Object(HomeController), Object(CakeRequest), Object(CakeResponse))
#7 /home/cj-smart/public/app/webroot/index.php(109): Dispatcher->dispatch(Object(CakeRequest), Object(CakeResponse))
#8 {main}
2013-04-07 20:06:32 Error: [MissingViewException] View file "/home/cj-smart/public/app/View/Pages/index.ctp" is missing.
Exception Attributes: array (
  'file' => '/home/cj-smart/public/app/View/Pages/index.ctp',
)
Request URL: /
Stack Trace:
#0 /home/cj-smart/public/lib/Cake/View/View.php(468): View->_getViewFileName('index')
#1 /home/cj-smart/public/lib/Cake/Controller/Controller.php(948): View->render('index', NULL)
#2 /home/cj-smart/public/app/Controller/HomeController.php(73): Controller->render('index')
#3 [internal function]: HomeController->index('index')
#4 /home/cj-smart/public/lib/Cake/Controller/Controller.php(486): ReflectionMethod->invokeArgs(Object(HomeController), Array)
#5 /home/cj-smart/public/lib/Cake/Routing/Dispatcher.php(187): Controller->invokeAction(Object(CakeRequest))
#6 /home/cj-smart/public/lib/Cake/Routing/Dispatcher.php(162): Dispatcher->_invoke(Object(HomeController), Object(CakeRequest), Object(CakeResponse))
#7 /home/cj-smart/public/app/webroot/index.php(109): Dispatcher->dispatch(Object(CakeRequest), Object(CakeResponse))
#8 {main}
2013-04-07 20:06:33 Error: [MissingViewException] View file "/home/cj-smart/public/app/View/Pages/index.ctp" is missing.
Exception Attributes: array (
  'file' => '/home/cj-smart/public/app/View/Pages/index.ctp',
)
Request URL: /
Stack Trace:
#0 /home/cj-smart/public/lib/Cake/View/View.php(468): View->_getViewFileName('index')
#1 /home/cj-smart/public/lib/Cake/Controller/Controller.php(948): View->render('index', NULL)
#2 /home/cj-smart/public/app/Controller/HomeController.php(73): Controller->render('index')
#3 [internal function]: HomeController->index('index')
#4 /home/cj-smart/public/lib/Cake/Controller/Controller.php(486): ReflectionMethod->invokeArgs(Object(HomeController), Array)
#5 /home/cj-smart/public/lib/Cake/Routing/Dispatcher.php(187): Controller->invokeAction(Object(CakeRequest))
#6 /home/cj-smart/public/lib/Cake/Routing/Dispatcher.php(162): Dispatcher->_invoke(Object(HomeController), Object(CakeRequest), Object(CakeResponse))
#7 /home/cj-smart/public/app/webroot/index.php(109): Dispatcher->dispatch(Object(CakeRequest), Object(CakeResponse))
#8 {main}
2013-04-07 20:06:33 Error: [MissingViewException] View file "/home/cj-smart/public/app/View/Pages/index.ctp" is missing.
Exception Attributes: array (
  'file' => '/home/cj-smart/public/app/View/Pages/index.ctp',
)
Request URL: /
Stack Trace:
#0 /home/cj-smart/public/lib/Cake/View/View.php(468): View->_getViewFileName('index')
#1 /home/cj-smart/public/lib/Cake/Controller/Controller.php(948): View->render('index', NULL)
#2 /home/cj-smart/public/app/Controller/HomeController.php(73): Controller->render('index')
#3 [internal function]: HomeController->index('index')
#4 /home/cj-smart/public/lib/Cake/Controller/Controller.php(486): ReflectionMethod->invokeArgs(Object(HomeController), Array)
#5 /home/cj-smart/public/lib/Cake/Routing/Dispatcher.php(187): Controller->invokeAction(Object(CakeRequest))
#6 /home/cj-smart/public/lib/Cake/Routing/Dispatcher.php(162): Dispatcher->_invoke(Object(HomeController), Object(CakeRequest), Object(CakeResponse))
#7 /home/cj-smart/public/app/webroot/index.php(109): Dispatcher->dispatch(Object(CakeRequest), Object(CakeResponse))
#8 {main}
2013-04-07 20:07:21 Error: [MissingViewException] View file "/home/cj-smart/public/app/View/Pages/index.ctp" is missing.
Exception Attributes: array (
  'file' => '/home/cj-smart/public/app/View/Pages/index.ctp',
)
Request URL: /
Stack Trace:
#0 /home/cj-smart/public/lib/Cake/View/View.php(468): View->_getViewFileName('index')
#1 /home/cj-smart/public/lib/Cake/Controller/Controller.php(948): View->render('index', NULL)
#2 /home/cj-smart/public/app/Controller/HomeController.php(74): Controller->render('index')
#3 [internal function]: HomeController->index('index')
#4 /home/cj-smart/public/lib/Cake/Controller/Controller.php(486): ReflectionMethod->invokeArgs(Object(HomeController), Array)
#5 /home/cj-smart/public/lib/Cake/Routing/Dispatcher.php(187): Controller->invokeAction(Object(CakeRequest))
#6 /home/cj-smart/public/lib/Cake/Routing/Dispatcher.php(162): Dispatcher->_invoke(Object(HomeController), Object(CakeRequest), Object(CakeResponse))
#7 /home/cj-smart/public/app/webroot/index.php(109): Dispatcher->dispatch(Object(CakeRequest), Object(CakeResponse))
#8 {main}
2013-04-07 20:07:40 Error: [MissingViewException] View file "/home/cj-smart/public/app/View/Pages/index.ctp" is missing.
Exception Attributes: array (
  'file' => '/home/cj-smart/public/app/View/Pages/index.ctp',
)
Request URL: /
Stack Trace:
#0 /home/cj-smart/public/lib/Cake/View/View.php(468): View->_getViewFileName('index')
#1 /home/cj-smart/public/lib/Cake/Controller/Controller.php(948): View->render('index', NULL)
#2 /home/cj-smart/public/app/Controller/HomeController.php(73): Controller->render('index')
#3 [internal function]: HomeController->index('index')
#4 /home/cj-smart/public/lib/Cake/Controller/Controller.php(486): ReflectionMethod->invokeArgs(Object(HomeController), Array)
#5 /home/cj-smart/public/lib/Cake/Routing/Dispatcher.php(187): Controller->invokeAction(Object(CakeRequest))
#6 /home/cj-smart/public/lib/Cake/Routing/Dispatcher.php(162): Dispatcher->_invoke(Object(HomeController), Object(CakeRequest), Object(CakeResponse))
#7 /home/cj-smart/public/app/webroot/index.php(109): Dispatcher->dispatch(Object(CakeRequest), Object(CakeResponse))
#8 {main}
2013-04-07 20:08:15 Error: [MissingViewException] View file "/home/cj-smart/public/app/View/Pages/index.ctp" is missing.
Exception Attributes: array (
  'file' => '/home/cj-smart/public/app/View/Pages/index.ctp',
)
Request URL: /
Stack Trace:
#0 /home/cj-smart/public/lib/Cake/View/View.php(468): View->_getViewFileName(NULL)
#1 /home/cj-smart/public/lib/Cake/Controller/Controller.php(948): View->render(NULL, NULL)
#2 /home/cj-smart/public/lib/Cake/Routing/Dispatcher.php(194): Controller->render()
#3 /home/cj-smart/public/lib/Cake/Routing/Dispatcher.php(162): Dispatcher->_invoke(Object(HomeController), Object(CakeRequest), Object(CakeResponse))
#4 /home/cj-smart/public/app/webroot/index.php(109): Dispatcher->dispatch(Object(CakeRequest), Object(CakeResponse))
#5 {main}
2013-04-07 20:16:49 Error: Fatal Error (1): Call to undefined method HomeController::setCSS() in [/home/cj-smart/public/app/Controller/HomeController.php, line 55]
2013-04-07 20:16:49 Error: [FatalErrorException] Call to undefined method HomeController::setCSS()
Request URL: /
Stack Trace:
#0 /home/cj-smart/public/lib/Cake/Error/ErrorHandler.php(184): ErrorHandler::handleFatalError(1, 'Call to undefin...', '/home/cj-smart/...', 55)
#1 [internal function]: ErrorHandler::handleError(1, 'Call to undefin...', '/home/cj-smart/...', 55, Array)
#2 /home/cj-smart/public/lib/Cake/Core/App.php(926): call_user_func('ErrorHandler::h...', 1, 'Call to undefin...', '/home/cj-smart/...', 55, Array)
#3 /home/cj-smart/public/lib/Cake/Core/App.php(899): App::_checkFatalError()
#4 [internal function]: App::shutdown()
#5 {main}
2013-04-07 20:19:47 Error: Fatal Error (1): Call to a member function css() on a non-object in [/home/cj-smart/public/app/View/Layouts/default.ctp, line 35]
2013-04-07 20:19:47 Error: [FatalErrorException] Call to a member function css() on a non-object
Request URL: /
Stack Trace:
#0 /home/cj-smart/public/lib/Cake/Error/ErrorHandler.php(184): ErrorHandler::handleFatalError(1, 'Call to a membe...', '/home/cj-smart/...', 35)
#1 [internal function]: ErrorHandler::handleError(1, 'Call to a membe...', '/home/cj-smart/...', 35, Array)
#2 /home/cj-smart/public/lib/Cake/Core/App.php(926): call_user_func('ErrorHandler::h...', 1, 'Call to a membe...', '/home/cj-smart/...', 35, Array)
#3 /home/cj-smart/public/lib/Cake/Core/App.php(899): App::_checkFatalError()
#4 [internal function]: App::shutdown()
#5 {main}
2013-04-07 20:35:26 Error: [MissingPluginException] Plugin AutoAsset could not be found.
Exception Attributes: array (
  'plugin' => 'AutoAsset',
)
Stack Trace:
#0 /home/cj-smart/public/app/Config/bootstrap.php(75): CakePlugin::load('AutoAsset')
#1 /home/cj-smart/public/lib/Cake/Core/Configure.php(93): include('/home/cj-smart/...')
#2 /home/cj-smart/public/lib/Cake/bootstrap.php(170): Configure::bootstrap(true)
#3 /home/cj-smart/public/app/webroot/index.php(91): include('/home/cj-smart/...')
#4 {main}
2013-04-07 20:39:39 Error: [MissingComponentException] Component class AssetCollectorComponent could not be found.
Exception Attributes: array (
  'class' => 'AssetCollectorComponent',
  'plugin' => 'AutoAsset',
)
Request URL: /
Stack Trace:
#0 /home/cj-smart/public/lib/Cake/Controller/ComponentCollection.php(53): ComponentCollection->load('AutoAsset.Asset...', Array)
#1 /home/cj-smart/public/lib/Cake/Controller/Controller.php(635): ComponentCollection->init(Object(HomeController))
#2 /home/cj-smart/public/lib/Cake/Routing/Dispatcher.php(183): Controller->constructClasses()
#3 /home/cj-smart/public/lib/Cake/Routing/Dispatcher.php(162): Dispatcher->_invoke(Object(HomeController), Object(CakeRequest), Object(CakeResponse))
#4 /home/cj-smart/public/app/webroot/index.php(109): Dispatcher->dispatch(Object(CakeRequest), Object(CakeResponse))
#5 {main}
2013-04-07 20:42:27 Error: [MissingComponentException] Component class AssetCollectionComponent could not be found.
Exception Attributes: array (
  'class' => 'AssetCollectionComponent',
  'plugin' => 'AutoAsset',
)
Request URL: /
Stack Trace:
#0 /home/cj-smart/public/lib/Cake/Controller/ComponentCollection.php(53): ComponentCollection->load('AutoAsset.Asset...', Array)
#1 /home/cj-smart/public/lib/Cake/Controller/Controller.php(635): ComponentCollection->init(Object(HomeController))
#2 /home/cj-smart/public/lib/Cake/Routing/Dispatcher.php(183): Controller->constructClasses()
#3 /home/cj-smart/public/lib/Cake/Routing/Dispatcher.php(162): Dispatcher->_invoke(Object(HomeController), Object(CakeRequest), Object(CakeResponse))
#4 /home/cj-smart/public/app/webroot/index.php(109): Dispatcher->dispatch(Object(CakeRequest), Object(CakeResponse))
#5 {main}
2013-04-07 21:51:21 Error: [MissingComponentException] Component class AssetCollectionComponent could not be found.
Exception Attributes: array (
  'class' => 'AssetCollectionComponent',
  'plugin' => 'AutoAsset',
)
Request URL: /
Stack Trace:
#0 /home/cj-smart/public/lib/Cake/Controller/ComponentCollection.php(53): ComponentCollection->load('AutoAsset.Asset...', Array)
#1 /home/cj-smart/public/lib/Cake/Controller/Controller.php(635): ComponentCollection->init(Object(HomeController))
#2 /home/cj-smart/public/lib/Cake/Routing/Dispatcher.php(183): Controller->constructClasses()
#3 /home/cj-smart/public/lib/Cake/Routing/Dispatcher.php(162): Dispatcher->_invoke(Object(HomeController), Object(CakeRequest), Object(CakeResponse))
#4 /home/cj-smart/public/app/webroot/index.php(109): Dispatcher->dispatch(Object(CakeRequest), Object(CakeResponse))
#5 {main}
2013-04-07 21:51:35 Error: [MissingComponentException] Component class AssetCollectionComponent could not be found.
Exception Attributes: array (
  'class' => 'AssetCollectionComponent',
  'plugin' => 'AutoAsset',
)
Request URL: /
Stack Trace:
#0 /home/cj-smart/public/lib/Cake/Controller/ComponentCollection.php(53): ComponentCollection->load('AutoAsset.Asset...', Array)
#1 /home/cj-smart/public/lib/Cake/Controller/Controller.php(635): ComponentCollection->init(Object(HomeController))
#2 /home/cj-smart/public/lib/Cake/Routing/Dispatcher.php(183): Controller->constructClasses()
#3 /home/cj-smart/public/lib/Cake/Routing/Dispatcher.php(162): Dispatcher->_invoke(Object(HomeController), Object(CakeRequest), Object(CakeResponse))
#4 /home/cj-smart/public/app/webroot/index.php(109): Dispatcher->dispatch(Object(CakeRequest), Object(CakeResponse))
#5 {main}
2013-04-07 21:53:02 Error: [MissingComponentException] Component class AssetCollectionComponent could not be found.
Exception Attributes: array (
  'class' => 'AssetCollectionComponent',
  'plugin' => 'AutoAsset',
)
Request URL: /
Stack Trace:
#0 /home/cj-smart/public/lib/Cake/Controller/ComponentCollection.php(53): ComponentCollection->load('AutoAsset.Asset...', Array)
#1 /home/cj-smart/public/lib/Cake/Controller/Controller.php(635): ComponentCollection->init(Object(HomeController))
#2 /home/cj-smart/public/lib/Cake/Routing/Dispatcher.php(183): Controller->constructClasses()
#3 /home/cj-smart/public/lib/Cake/Routing/Dispatcher.php(162): Dispatcher->_invoke(Object(HomeController), Object(CakeRequest), Object(CakeResponse))
#4 /home/cj-smart/public/app/webroot/index.php(109): Dispatcher->dispatch(Object(CakeRequest), Object(CakeResponse))
#5 {main}
2013-04-07 21:54:02 Error: [MissingComponentException] Component class AssetCollectionComponent could not be found.
Exception Attributes: array (
  'class' => 'AssetCollectionComponent',
  'plugin' => 'AutoAsset',
)
Request URL: /
Stack Trace:
#0 /home/cj-smart/public/lib/Cake/Controller/ComponentCollection.php(53): ComponentCollection->load('AutoAsset.Asset...', Array)
#1 /home/cj-smart/public/lib/Cake/Controller/Controller.php(635): ComponentCollection->init(Object(HomeController))
#2 /home/cj-smart/public/lib/Cake/Routing/Dispatcher.php(183): Controller->constructClasses()
#3 /home/cj-smart/public/lib/Cake/Routing/Dispatcher.php(162): Dispatcher->_invoke(Object(HomeController), Object(CakeRequest), Object(CakeResponse))
#4 /home/cj-smart/public/app/webroot/index.php(109): Dispatcher->dispatch(Object(CakeRequest), Object(CakeResponse))
#5 {main}
2013-04-07 21:54:14 Error: [MissingComponentException] Component class AssetCollectorComponent could not be found.
Exception Attributes: array (
  'class' => 'AssetCollectorComponent',
  'plugin' => 'AutoAsset',
)
Request URL: /
Stack Trace:
#0 /home/cj-smart/public/lib/Cake/Controller/ComponentCollection.php(53): ComponentCollection->load('AutoAsset.Asset...', Array)
#1 /home/cj-smart/public/lib/Cake/Controller/Controller.php(635): ComponentCollection->init(Object(HomeController))
#2 /home/cj-smart/public/lib/Cake/Routing/Dispatcher.php(183): Controller->constructClasses()
#3 /home/cj-smart/public/lib/Cake/Routing/Dispatcher.php(162): Dispatcher->_invoke(Object(HomeController), Object(CakeRequest), Object(CakeResponse))
#4 /home/cj-smart/public/app/webroot/index.php(109): Dispatcher->dispatch(Object(CakeRequest), Object(CakeResponse))
#5 {main}
2013-04-07 21:55:31 Error: [MissingComponentException] Component class AssetCollectorComponent could not be found.
Exception Attributes: array (
  'class' => 'AssetCollectorComponent',
  'plugin' => 'AutoAsset',
)
Request URL: /
Stack Trace:
#0 /home/cj-smart/public/lib/Cake/Controller/ComponentCollection.php(53): ComponentCollection->load('AutoAsset.Asset...', Array)
#1 /home/cj-smart/public/lib/Cake/Controller/Controller.php(635): ComponentCollection->init(Object(HomeController))
#2 /home/cj-smart/public/lib/Cake/Routing/Dispatcher.php(183): Controller->constructClasses()
#3 /home/cj-smart/public/lib/Cake/Routing/Dispatcher.php(162): Dispatcher->_invoke(Object(HomeController), Object(CakeRequest), Object(CakeResponse))
#4 /home/cj-smart/public/app/webroot/index.php(109): Dispatcher->dispatch(Object(CakeRequest), Object(CakeResponse))
#5 {main}
2013-04-07 21:57:50 Error: [MissingComponentException] Component class AssetCollectorComponent could not be found.
Exception Attributes: array (
  'class' => 'AssetCollectorComponent',
  'plugin' => 'AutoAsset',
)
Request URL: /
Stack Trace:
#0 /home/cj-smart/public/lib/Cake/Controller/ComponentCollection.php(53): ComponentCollection->load('AutoAsset.Asset...', Array)
#1 /home/cj-smart/public/lib/Cake/Controller/Controller.php(635): ComponentCollection->init(Object(HomeController))
#2 /home/cj-smart/public/lib/Cake/Routing/Dispatcher.php(183): Controller->constructClasses()
#3 /home/cj-smart/public/lib/Cake/Routing/Dispatcher.php(162): Dispatcher->_invoke(Object(HomeController), Object(CakeRequest), Object(CakeResponse))
#4 /home/cj-smart/public/app/webroot/index.php(109): Dispatcher->dispatch(Object(CakeRequest), Object(CakeResponse))
#5 {main}
2013-04-07 22:14:50 Error: [MissingComponentException] Component class AssetGathererComponent could not be found.
Exception Attributes: array (
  'class' => 'AssetGathererComponent',
  'plugin' => 'AutoAsset',
)
Request URL: /
Stack Trace:
#0 /home/cj-smart/public/lib/Cake/Controller/ComponentCollection.php(53): ComponentCollection->load('AutoAsset.Asset...', Array)
#1 /home/cj-smart/public/lib/Cake/Controller/Controller.php(635): ComponentCollection->init(Object(HomeController))
#2 /home/cj-smart/public/lib/Cake/Routing/Dispatcher.php(183): Controller->constructClasses()
#3 /home/cj-smart/public/lib/Cake/Routing/Dispatcher.php(162): Dispatcher->_invoke(Object(HomeController), Object(CakeRequest), Object(CakeResponse))
#4 /home/cj-smart/public/app/webroot/index.php(109): Dispatcher->dispatch(Object(CakeRequest), Object(CakeResponse))
#5 {main}
2013-04-07 22:21:19 Error: Fatal Error (4): syntax error, unexpected T_CONSTANT_ENCAPSED_STRING, expecting ')' in [/home/cj-smart/public/app/View/Layouts/default.ctp, line 40]
2013-04-07 22:21:19 Error: [FatalErrorException] syntax error, unexpected T_CONSTANT_ENCAPSED_STRING, expecting ')'
Request URL: /
Stack Trace:
#0 /home/cj-smart/public/lib/Cake/Error/ErrorHandler.php(184): ErrorHandler::handleFatalError(4, 'syntax error, u...', '/home/cj-smart/...', 40)
#1 [internal function]: ErrorHandler::handleError(4, 'syntax error, u...', '/home/cj-smart/...', 40, Array)
#2 /home/cj-smart/public/lib/Cake/Core/App.php(926): call_user_func('ErrorHandler::h...', 4, 'syntax error, u...', '/home/cj-smart/...', 40, Array)
#3 /home/cj-smart/public/lib/Cake/Core/App.php(899): App::_checkFatalError()
#4 [internal function]: App::shutdown()
#5 {main}
2013-04-07 22:21:26 Error: [MissingControllerException] Controller class JsController could not be found.
Exception Attributes: array (
  'class' => 'JsController',
  'plugin' => NULL,
)
Request URL: /js/jquery/%2A.js
Stack Trace:
#0 /home/cj-smart/public/app/webroot/index.php(109): Dispatcher->dispatch(Object(CakeRequest), Object(CakeResponse))
#1 {main}
2013-04-07 22:21:44 Error: [MissingControllerException] Controller class JsController could not be found.
Exception Attributes: array (
  'class' => 'JsController',
  'plugin' => NULL,
)
Request URL: /js/jquery/.js
Stack Trace:
#0 /home/cj-smart/public/app/webroot/index.php(109): Dispatcher->dispatch(Object(CakeRequest), Object(CakeResponse))
#1 {main}
2013-04-07 22:50:25 Error: [MissingControllerException] Controller class HomeController could not be found.
Exception Attributes: array (
  'class' => 'HomeController',
  'plugin' => NULL,
)
Request URL: /
Stack Trace:
#0 /home/cj-smart/public/app/webroot/index.php(109): Dispatcher->dispatch(Object(CakeRequest), Object(CakeResponse))
#1 {main}
2013-04-07 22:50:25 Error: Fatal Error (64): require_once() [http://php.net/function.require]: Failed opening required 'BaseAsset.php' (include_path='/home/cj-smart/public/lib:.:/usr/share/php:/usr/share/pear') in [/home/cj-smart/public/app/Plugin/AutoAsset/Lib/AssetLib/Asset/JsAsset.php, line 3]
2013-04-07 22:50:25 Error: [FatalErrorException] require_once() [http://php.net/function.require]: Failed opening required 'BaseAsset.php' (include_path='/home/cj-smart/public/lib:.:/usr/share/php:/usr/share/pear')
Request URL: /
Stack Trace:
#0 /home/cj-smart/public/lib/Cake/Error/ErrorHandler.php(184): ErrorHandler::handleFatalError(64, 'require_once() ...', '/home/cj-smart/...', 3)
#1 [internal function]: ErrorHandler::handleError(64, 'require_once() ...', '/home/cj-smart/...', 3, Array)
#2 /home/cj-smart/public/lib/Cake/Core/App.php(926): call_user_func('ErrorHandler::h...', 64, 'require_once() ...', '/home/cj-smart/...', 3, Array)
#3 /home/cj-smart/public/lib/Cake/Core/App.php(899): App::_checkFatalError()
#4 [internal function]: App::shutdown()
#5 {main}
2013-04-07 22:50:47 Error: [MissingControllerException] Controller class HomeController could not be found.
Exception Attributes: array (
  'class' => 'HomeController',
  'plugin' => NULL,
)
Request URL: /
Stack Trace:
#0 /home/cj-smart/public/app/webroot/index.php(109): Dispatcher->dispatch(Object(CakeRequest), Object(CakeResponse))
#1 {main}
2013-04-07 22:50:47 Error: Fatal Error (64): require_once() [http://php.net/function.require]: Failed opening required 'BaseAsset.php' (include_path='/home/cj-smart/public/lib:.:/usr/share/php:/usr/share/pear') in [/home/cj-smart/public/app/Plugin/AutoAsset/Lib/AssetLib/Asset/JsAsset.php, line 3]
2013-04-07 22:50:47 Error: [FatalErrorException] require_once() [http://php.net/function.require]: Failed opening required 'BaseAsset.php' (include_path='/home/cj-smart/public/lib:.:/usr/share/php:/usr/share/pear')
Request URL: /
Stack Trace:
#0 /home/cj-smart/public/lib/Cake/Error/ErrorHandler.php(184): ErrorHandler::handleFatalError(64, 'require_once() ...', '/home/cj-smart/...', 3)
#1 [internal function]: ErrorHandler::handleError(64, 'require_once() ...', '/home/cj-smart/...', 3, Array)
#2 /home/cj-smart/public/lib/Cake/Core/App.php(926): call_user_func('ErrorHandler::h...', 64, 'require_once() ...', '/home/cj-smart/...', 3, Array)
#3 /home/cj-smart/public/lib/Cake/Core/App.php(899): App::_checkFatalError()
#4 [internal function]: App::shutdown()
#5 {main}
2013-04-07 22:50:55 Error: [MissingControllerException] Controller class HomeController could not be found.
Exception Attributes: array (
  'class' => 'HomeController',
  'plugin' => NULL,
)
Request URL: /
Stack Trace:
#0 /home/cj-smart/public/app/webroot/index.php(109): Dispatcher->dispatch(Object(CakeRequest), Object(CakeResponse))
#1 {main}
2013-04-07 22:50:55 Error: Fatal Error (64): require_once() [http://php.net/function.require]: Failed opening required 'BaseAsset.php' (include_path='/home/cj-smart/public/lib:.:/usr/share/php:/usr/share/pear') in [/home/cj-smart/public/app/Plugin/AutoAsset/Lib/AssetLib/Asset/JsAsset.php, line 3]
2013-04-07 22:50:55 Error: [FatalErrorException] require_once() [http://php.net/function.require]: Failed opening required 'BaseAsset.php' (include_path='/home/cj-smart/public/lib:.:/usr/share/php:/usr/share/pear')
Request URL: /
Stack Trace:
#0 /home/cj-smart/public/lib/Cake/Error/ErrorHandler.php(184): ErrorHandler::handleFatalError(64, 'require_once() ...', '/home/cj-smart/...', 3)
#1 [internal function]: ErrorHandler::handleError(64, 'require_once() ...', '/home/cj-smart/...', 3, Array)
#2 /home/cj-smart/public/lib/Cake/Core/App.php(926): call_user_func('ErrorHandler::h...', 64, 'require_once() ...', '/home/cj-smart/...', 3, Array)
#3 /home/cj-smart/public/lib/Cake/Core/App.php(899): App::_checkFatalError()
#4 [internal function]: App::shutdown()
#5 {main}
2013-04-18 19:10:47 Error: [MissingControllerException] Controller class HomeController could not be found.
Exception Attributes: array (
  'class' => 'HomeController',
  'plugin' => NULL,
)
Request URL: /
Stack Trace:
#0 /home/cj-smart/public/app/webroot/index.php(109): Dispatcher->dispatch(Object(CakeRequest), Object(CakeResponse))
#1 {main}
2013-04-18 19:10:47 Error: Fatal Error (64): require_once() [http://php.net/function.require]: Failed opening required 'BaseAsset.php' (include_path='/home/cj-smart/public/lib:.:/usr/share/php:/usr/share/pear') in [/home/cj-smart/public/app/Plugin/AutoAsset/Lib/AssetLib/Asset/JsAsset.php, line 3]
2013-04-18 19:10:47 Error: [FatalErrorException] require_once() [http://php.net/function.require]: Failed opening required 'BaseAsset.php' (include_path='/home/cj-smart/public/lib:.:/usr/share/php:/usr/share/pear')
Request URL: /
Stack Trace:
#0 /home/cj-smart/public/lib/Cake/Error/ErrorHandler.php(184): ErrorHandler::handleFatalError(64, 'require_once() ...', '/home/cj-smart/...', 3)
#1 [internal function]: ErrorHandler::handleError(64, 'require_once() ...', '/home/cj-smart/...', 3, Array)
#2 /home/cj-smart/public/lib/Cake/Core/App.php(926): call_user_func('ErrorHandler::h...', 64, 'require_once() ...', '/home/cj-smart/...', 3, Array)
#3 /home/cj-smart/public/lib/Cake/Core/App.php(899): App::_checkFatalError()
#4 [internal function]: App::shutdown()
#5 {main}
2013-04-18 19:11:11 Error: [MissingControllerException] Controller class HomeController could not be found.
Exception Attributes: array (
  'class' => 'HomeController',
  'plugin' => NULL,
)
Request URL: /
Stack Trace:
#0 /home/cj-smart/public/app/webroot/index.php(109): Dispatcher->dispatch(Object(CakeRequest), Object(CakeResponse))
#1 {main}
2013-04-18 19:11:18 Error: [MissingControllerException] Controller class HomeController could not be found.
Exception Attributes: array (
  'class' => 'HomeController',
  'plugin' => NULL,
)
Request URL: /
Stack Trace:
#0 /home/cj-smart/public/app/webroot/index.php(109): Dispatcher->dispatch(Object(CakeRequest), Object(CakeResponse))
#1 {main}
2013-04-18 19:28:18 Error: [MissingControllerException] Controller class PagesController could not be found.
Exception Attributes: array (
  'class' => 'PagesController',
  'plugin' => NULL,
)
Request URL: /
Stack Trace:
#0 /home/cj-smart/public/app/webroot/index.php(109): Dispatcher->dispatch(Object(CakeRequest), Object(CakeResponse))
#1 {main}
2013-04-18 19:58:36 Error: [MissingControllerException] Controller class CssController could not be found.
Exception Attributes: array (
  'class' => 'CssController',
  'plugin' => NULL,
)
Request URL: /css/bootstrap-responsive.min.css
Stack Trace:
#0 /home/cj-smart/public/app/webroot/index.php(109): Dispatcher->dispatch(Object(CakeRequest), Object(CakeResponse))
#1 {main}
2013-04-18 19:58:36 Error: [MissingControllerException] Controller class CssController could not be found.
Exception Attributes: array (
  'class' => 'CssController',
  'plugin' => NULL,
)
Request URL: /css/bootstrap.min.css
Stack Trace:
#0 /home/cj-smart/public/app/webroot/index.php(109): Dispatcher->dispatch(Object(CakeRequest), Object(CakeResponse))
#1 {main}
2013-04-18 19:58:36 Error: [MissingControllerException] Controller class JsController could not be found.
Exception Attributes: array (
  'class' => 'JsController',
  'plugin' => NULL,
)
Request URL: /js/bootstrap.min.js
Stack Trace:
#0 /home/cj-smart/public/app/webroot/index.php(109): Dispatcher->dispatch(Object(CakeRequest), Object(CakeResponse))
#1 {main}
2013-04-18 19:58:36 Error: [MissingControllerException] Controller class JsController could not be found.
Exception Attributes: array (
  'class' => 'JsController',
  'plugin' => NULL,
)
Request URL: /js/jquery/jquery-1.9.1.min.js
Stack Trace:
#0 /home/cj-smart/public/app/webroot/index.php(109): Dispatcher->dispatch(Object(CakeRequest), Object(CakeResponse))
#1 {main}
2013-04-18 19:58:37 Error: [MissingControllerException] Controller class JsController could not be found.
Exception Attributes: array (
  'class' => 'JsController',
  'plugin' => NULL,
)
Request URL: /js/bootstrap.min.js
Stack Trace:
#0 /home/cj-smart/public/app/webroot/index.php(109): Dispatcher->dispatch(Object(CakeRequest), Object(CakeResponse))
#1 {main}
2013-04-18 19:58:41 Error: [MissingControllerException] Controller class CssController could not be found.
Exception Attributes: array (
  'class' => 'CssController',
  'plugin' => NULL,
)
Request URL: /css/bootstrap.min.css
Stack Trace:
#0 /home/cj-smart/public/app/webroot/index.php(109): Dispatcher->dispatch(Object(CakeRequest), Object(CakeResponse))
#1 {main}
2013-04-18 19:58:41 Error: [MissingControllerException] Controller class JsController could not be found.
Exception Attributes: array (
  'class' => 'JsController',
  'plugin' => NULL,
)
Request URL: /js/jquery/jquery-1.9.1.min.js
Stack Trace:
#0 /home/cj-smart/public/app/webroot/index.php(109): Dispatcher->dispatch(Object(CakeRequest), Object(CakeResponse))
#1 {main}
2013-04-18 19:58:41 Error: [MissingControllerException] Controller class CssController could not be found.
Exception Attributes: array (
  'class' => 'CssController',
  'plugin' => NULL,
)
Request URL: /css/bootstrap-responsive.min.css
Stack Trace:
#0 /home/cj-smart/public/app/webroot/index.php(109): Dispatcher->dispatch(Object(CakeRequest), Object(CakeResponse))
#1 {main}
2013-04-18 19:58:41 Error: [MissingControllerException] Controller class JsController could not be found.
Exception Attributes: array (
  'class' => 'JsController',
  'plugin' => NULL,
)
Request URL: /js/bootstrap.min.js
Stack Trace:
#0 /home/cj-smart/public/app/webroot/index.php(109): Dispatcher->dispatch(Object(CakeRequest), Object(CakeResponse))
#1 {main}
2013-04-18 20:03:48 Error: [MissingControllerException] Controller class JsController could not be found.
Exception Attributes: array (
  'class' => 'JsController',
  'plugin' => NULL,
)
Request URL: /js/jquery/jquery-1.9.1.min.js
Stack Trace:
#0 /home/cj-smart/public/app/webroot/index.php(109): Dispatcher->dispatch(Object(CakeRequest), Object(CakeResponse))
#1 {main}
2013-04-18 20:03:51 Error: [MissingControllerException] Controller class JsController could not be found.
Exception Attributes: array (
  'class' => 'JsController',
  'plugin' => NULL,
)
Request URL: /js/jquery/jquery-1.9.1.min.js
Stack Trace:
#0 /home/cj-smart/public/app/webroot/index.php(109): Dispatcher->dispatch(Object(CakeRequest), Object(CakeResponse))
#1 {main}
